Using pre-set license
Built from '2020.3/staging' branch; Version is '2020.3.21f1 (a38c86f6690f) revision 10718342'; Using compiler version '192528614'; Build Type 'Release'
OS: 'Windows 10 Home Single Language; OS build 19042.1288; Version 2009; 64bit' Language: 'pt' Physical Memory: 8064 MB
BatchMode: 1, IsHumanControllingUs: 0, StartBugReporterOnCrash: 0, Is64bit: 1, IsPro: 0

COMMAND LINE ARGUMENTS:
C:\Program Files\Unity 2020.3.21f1\Editor\Unity.exe
-adb2
-batchMode
-noUpm
-name
AssetImportWorker1
-projectPath
D:/Reoisitory/Unity/AnimaJam/AnimaJam
-logFile
Logs/AssetImportWorker1.log
-srvPort
58681
Successfully changed project path to: D:/Reoisitory/Unity/AnimaJam/AnimaJam
D:/Reoisitory/Unity/AnimaJam/AnimaJam
Using Asset Import Pipeline V2.
Refreshing native plugins compatible for Editor in 51.37 ms, found 3 plugins.
Preloading 0 native plugins for Editor in 0.00 ms.
Initialize engine version: 2020.3.21f1 (a38c86f6690f)
[Subsystems] Discovering subsystems at path C:/Program Files/Unity 2020.3.21f1/Editor/Data/Resources/UnitySubsystems
[Subsystems] Discovering subsystems at path D:/Reoisitory/Unity/AnimaJam/AnimaJam/Assets
GfxDevice: creating device client; threaded=0
Direct3D:
    Version:  Direct3D 11.0 [level 11.1]
    Renderer: Radeon (TM) 520 (ID=0x6665)
    Vendor:   
    VRAM:     2039 MB
    Driver:   26.20.15026.1
Initialize mono
Mono path[0] = 'C:/Program Files/Unity 2020.3.21f1/Editor/Data/Managed'
Mono path[1] = 'C:/Program Files/Unity 2020.3.21f1/Editor/Data/MonoBleedingEdge/lib/mono/unityjit'
Mono config path = 'C:/Program Files/Unity 2020.3.21f1/Editor/Data/MonoBleedingEdge/etc'
Using monoOptions --debugger-agent=transport=dt_socket,embedding=1,server=y,suspend=n,address=127.0.0.1:56976
Begin MonoManager ReloadAssembly
Registering precompiled unity dll's ...
Register platform support module: C:/Program Files/Unity 2020.3.21f1/Editor/Data/PlaybackEngines/WebGLSupport/UnityEditor.WebGL.Extensions.dll
Register platform support module: C:/Program Files/Unity 2020.3.21f1/Editor/Data/PlaybackEngines/WindowsStandaloneSupport/UnityEditor.WindowsStandalone.Extensions.dll
Registered in 0.002637 seconds.
Native extension for WindowsStandalone target not found
Native extension for WebGL target not found
Refreshing native plugins compatible for Editor in 54.70 ms, found 3 plugins.
Preloading 0 native plugins for Editor in 0.00 ms.
Mono: successfully reloaded assembly
- Completed reload, in  1.353 seconds
Domain Reload Profiling:
	ReloadAssembly (1353ms)
		BeginReloadAssembly (68ms)
			ExecutionOrderSort (0ms)
			DisableScriptedObjects (0ms)
			BackupInstance (0ms)
			ReleaseScriptingObjects (0ms)
			CreateAndSetChildDomain (1ms)
		EndReloadAssembly (513ms)
			LoadAssemblies (65ms)
			RebuildTransferFunctionScriptingTraits (0ms)
			SetupTypeCache (187ms)
			ReleaseScriptCaches (0ms)
			RebuildScriptCaches (31ms)
			SetupLoadedEditorAssemblies (199ms)
				LogAssemblyErrors (0ms)
				InitializePlatformSupportModulesInManaged (5ms)
				SetLoadedEditorAssemblies (0ms)
				RefreshPlugins (55ms)
				BeforeProcessingInitializeOnLoad (17ms)
				ProcessInitializeOnLoadAttributes (82ms)
				ProcessInitializeOnLoadMethodAttributes (39ms)
				AfterProcessingInitializeOnLoad (0ms)
				EditorAssembliesLoaded (0ms)
			ExecutionOrderSort2 (0ms)
			AwakeInstancesAfterBackupRestoration (0ms)
Platform modules already initialized, skipping
Registering precompiled user dll's ...
Registered in 0.005157 seconds.
Begin MonoManager ReloadAssembly
Native extension for WindowsStandalone target not found
Native extension for WebGL target not found
Refreshing native plugins compatible for Editor in 46.46 ms, found 3 plugins.
Preloading 0 native plugins for Editor in 0.00 ms.
Mono: successfully reloaded assembly
- Completed reload, in  1.220 seconds
Domain Reload Profiling:
	ReloadAssembly (1221ms)
		BeginReloadAssembly (151ms)
			ExecutionOrderSort (0ms)
			DisableScriptedObjects (5ms)
			BackupInstance (0ms)
			ReleaseScriptingObjects (0ms)
			CreateAndSetChildDomain (18ms)
		EndReloadAssembly (1007ms)
			LoadAssemblies (96ms)
			RebuildTransferFunctionScriptingTraits (0ms)
			SetupTypeCache (307ms)
			ReleaseScriptCaches (1ms)
			RebuildScriptCaches (60ms)
			SetupLoadedEditorAssemblies (402ms)
				LogAssemblyErrors (0ms)
				InitializePlatformSupportModulesInManaged (5ms)
				SetLoadedEditorAssemblies (0ms)
				RefreshPlugins (47ms)
				BeforeProcessingInitializeOnLoad (79ms)
				ProcessInitializeOnLoadAttributes (247ms)
				ProcessInitializeOnLoadMethodAttributes (17ms)
				AfterProcessingInitializeOnLoad (7ms)
				EditorAssembliesLoaded (0ms)
			ExecutionOrderSort2 (0ms)
			AwakeInstancesAfterBackupRestoration (7ms)
Platform modules already initialized, skipping
========================================================================
Worker process is ready to serve import requests
Launched and connected shader compiler UnityShaderCompiler.exe after 0.07 seconds
Refreshing native plugins compatible for Editor in 0.57 ms, found 3 plugins.
Preloading 0 native plugins for Editor in 0.00 ms.
Unloading 2197 Unused Serialized files (Serialized files now loaded: 0)
System memory in use before: 95.8 MB.
System memory in use after: 95.9 MB.

Unloading 28 unused Assets to reduce memory usage. Loaded Objects now: 2632.
Total: 3.065800 ms (FindLiveObjects: 0.186400 ms CreateObjectMapping: 0.075400 ms MarkObjects: 2.743600 ms  DeleteObjects: 0.059400 ms)

AssetImportParameters requested are different than current active one (requested -> active):
  custom:framework-win-MediaFoundation: 216162199b28c13a410421893ffa2e32 -> 
  custom:video-decoder-ogg-theora: a1e56fd34408186e4bbccfd4996cb3dc -> 
  custom:container-muxer-webm: aa71ff27fc2769a1b78a27578f13a17b -> 
  custom:container-demuxer-webm: 4f35f7cbe854078d1ac9338744f61a02 -> 
  custom:container-demuxer-ogg: 62fdf1f143b41e24485cea50d1cbac27 -> 
  custom:video-encoder-webm-vp8: eb34c28f22e8b96e1ab97ce403110664 -> 
  custom:video-codec-MediaFoundation-h265: 746d11721c4dcdbdad8f713fa42b33f4 -> 
  custom:video-decoder-webm-vp8: 9c59270c3fd7afecdb556c50c9e8de78 -> 
  custom:audio-decoder-ogg-vorbis: bf7c407c2cedff20999df2af8eb42d56 -> 
  custom:audio-encoder-webm-vorbis: bf7c407c2cedff20999df2af8eb42d56 -> 
========================================================================
Received Import Request.
  path: Assets/Scenes/Menu.unity
  artifactKey: Guid(2c341191bd142204a9988229e074e476) Importer(815301076,1909f56bfc062723c751e8b465ee728b)
Start importing Assets/Scenes/Menu.unity using Guid(2c341191bd142204a9988229e074e476) Importer(815301076,1909f56bfc062723c751e8b465ee728b)  -> (artifact id: '7cb0301cc308265dbe4cf869769a3bf7') in 0.011788 seconds 
  Import took 0.041892 seconds .

========================================================================
Received Import Request.
  Time since last request: 48.431247 seconds.
  path: Assets/Sprites/capa_garbage_run.png
  artifactKey: Guid(f7f73419f7986854ab930aa41da10118) Importer(815301076,1909f56bfc062723c751e8b465ee728b)
Start importing Assets/Sprites/capa_garbage_run.png using Guid(f7f73419f7986854ab930aa41da10118) Importer(815301076,1909f56bfc062723c751e8b465ee728b)  -> (artifact id: '7060796cf62b785255bb3b5526ccf707') in 0.262662 seconds 
  Import took 0.312528 seconds .

========================================================================
Received Import Request.
  Time since last request: 0.000196 seconds.
  path: Assets/Sprites/fundo_do_mar.png
  artifactKey: Guid(fb70a6d9e07d9464ebb719f11d7b01e6) Importer(815301076,1909f56bfc062723c751e8b465ee728b)
Start importing Assets/Sprites/fundo_do_mar.png using Guid(fb70a6d9e07d9464ebb719f11d7b01e6) Importer(815301076,1909f56bfc062723c751e8b465ee728b)  -> (artifact id: 'b91e82a88977239dfebfa1596ec9a9ec') in 0.034282 seconds 
  Import took 0.067217 seconds .

========================================================================
Received Prepare
Refreshing native plugins compatible for Editor in 4.26 ms, found 3 plugins.
Preloading 0 native plugins for Editor in 0.00 ms.
Unloading 15 Unused Serialized files (Serialized files now loaded: 0)
System memory in use before: 55.3 MB.
System memory in use after: 55.4 MB.

Unloading 15 unused Assets to reduce memory usage. Loaded Objects now: 2640.
Total: 4.466600 ms (FindLiveObjects: 0.190600 ms CreateObjectMapping: 0.100700 ms MarkObjects: 4.157800 ms  DeleteObjects: 0.016900 ms)

AssetImportParameters requested are different than current active one (requested -> active):
  custom:framework-win-MediaFoundation: 216162199b28c13a410421893ffa2e32 -> 
  custom:video-decoder-ogg-theora: a1e56fd34408186e4bbccfd4996cb3dc -> 
  custom:container-muxer-webm: aa71ff27fc2769a1b78a27578f13a17b -> 
  custom:container-demuxer-webm: 4f35f7cbe854078d1ac9338744f61a02 -> 
  custom:container-demuxer-ogg: 62fdf1f143b41e24485cea50d1cbac27 -> 
  custom:video-encoder-webm-vp8: eb34c28f22e8b96e1ab97ce403110664 -> 
  custom:video-codec-MediaFoundation-h265: 746d11721c4dcdbdad8f713fa42b33f4 -> 
  custom:video-decoder-webm-vp8: 9c59270c3fd7afecdb556c50c9e8de78 -> 
  custom:audio-decoder-ogg-vorbis: bf7c407c2cedff20999df2af8eb42d56 -> 
  custom:audio-encoder-webm-vorbis: bf7c407c2cedff20999df2af8eb42d56 -> 
========================================================================
Received Prepare
Refreshing native plugins compatible for Editor in 3.91 ms, found 3 plugins.
Preloading 0 native plugins for Editor in 0.00 ms.
Unloading 15 Unused Serialized files (Serialized files now loaded: 0)
System memory in use before: 55.3 MB.
System memory in use after: 55.4 MB.

Unloading 15 unused Assets to reduce memory usage. Loaded Objects now: 2640.
Total: 4.692800 ms (FindLiveObjects: 0.217800 ms CreateObjectMapping: 0.082900 ms MarkObjects: 4.365600 ms  DeleteObjects: 0.024700 ms)

AssetImportParameters requested are different than current active one (requested -> active):
  custom:framework-win-MediaFoundation: 216162199b28c13a410421893ffa2e32 -> 
  custom:video-decoder-ogg-theora: a1e56fd34408186e4bbccfd4996cb3dc -> 
  custom:container-muxer-webm: aa71ff27fc2769a1b78a27578f13a17b -> 
  custom:container-demuxer-webm: 4f35f7cbe854078d1ac9338744f61a02 -> 
  custom:container-demuxer-ogg: 62fdf1f143b41e24485cea50d1cbac27 -> 
  custom:video-encoder-webm-vp8: eb34c28f22e8b96e1ab97ce403110664 -> 
  custom:video-codec-MediaFoundation-h265: 746d11721c4dcdbdad8f713fa42b33f4 -> 
  custom:video-decoder-webm-vp8: 9c59270c3fd7afecdb556c50c9e8de78 -> 
  custom:audio-decoder-ogg-vorbis: bf7c407c2cedff20999df2af8eb42d56 -> 
  custom:audio-encoder-webm-vorbis: bf7c407c2cedff20999df2af8eb42d56 -> 
========================================================================
Received Import Request.
  Time since last request: 2244.481399 seconds.
  path: Assets/Sprites/bolha.png
  artifactKey: Guid(ed6c64745f99d5546a37a3401f95ae8c) Importer(815301076,1909f56bfc062723c751e8b465ee728b)
Start importing Assets/Sprites/bolha.png using Guid(ed6c64745f99d5546a37a3401f95ae8c) Importer(815301076,1909f56bfc062723c751e8b465ee728b)  -> (artifact id: 'a0f434f6f44ea873db4903037d5d6312') in 0.148242 seconds 
  Import took 0.205061 seconds .

========================================================================
Received Import Request.
  Time since last request: 38.552834 seconds.
  path: Assets/Sprites/bolha.png
  artifactKey: Guid(ed6c64745f99d5546a37a3401f95ae8c) Importer(815301076,1909f56bfc062723c751e8b465ee728b)
Start importing Assets/Sprites/bolha.png using Guid(ed6c64745f99d5546a37a3401f95ae8c) Importer(815301076,1909f56bfc062723c751e8b465ee728b)  -> (artifact id: '7c8b127dc40f615db25315233b5539f2') in 0.013389 seconds 
  Import took 0.058719 seconds .

========================================================================
Received Import Request.
  Time since last request: 9.553340 seconds.
  path: Assets/Sprites/bolha.png
  artifactKey: Guid(ed6c64745f99d5546a37a3401f95ae8c) Importer(815301076,1909f56bfc062723c751e8b465ee728b)
Start importing Assets/Sprites/bolha.png using Guid(ed6c64745f99d5546a37a3401f95ae8c) Importer(815301076,1909f56bfc062723c751e8b465ee728b)  -> (artifact id: '2128935ab293fc383a58dd83bcd5027b') in 0.012998 seconds 
  Import took 0.157355 seconds .

========================================================================
Received Import Request.
  Time since last request: 4.344123 seconds.
  path: Assets/Sprites/bolha.png
  artifactKey: Guid(ed6c64745f99d5546a37a3401f95ae8c) Importer(815301076,1909f56bfc062723c751e8b465ee728b)
Start importing Assets/Sprites/bolha.png using Guid(ed6c64745f99d5546a37a3401f95ae8c) Importer(815301076,1909f56bfc062723c751e8b465ee728b)  -> (artifact id: 'cfde5d912dcb8da5e9cd8572f70c09b0') in 0.033183 seconds 
  Import took 0.036769 seconds .

========================================================================
Received Prepare
Refreshing native plugins compatible for Editor in 3.66 ms, found 3 plugins.
Preloading 0 native plugins for Editor in 0.00 ms.
Unloading 15 Unused Serialized files (Serialized files now loaded: 0)
System memory in use before: 55.3 MB.
System memory in use after: 55.4 MB.

Unloading 15 unused Assets to reduce memory usage. Loaded Objects now: 2644.
Total: 3.971800 ms (FindLiveObjects: 0.202900 ms CreateObjectMapping: 0.084300 ms MarkObjects: 3.669800 ms  DeleteObjects: 0.014200 ms)

AssetImportParameters requested are different than current active one (requested -> active):
  custom:framework-win-MediaFoundation: 216162199b28c13a410421893ffa2e32 -> 
  custom:video-decoder-ogg-theora: a1e56fd34408186e4bbccfd4996cb3dc -> 
  custom:container-muxer-webm: aa71ff27fc2769a1b78a27578f13a17b -> 
  custom:container-demuxer-webm: 4f35f7cbe854078d1ac9338744f61a02 -> 
  custom:container-demuxer-ogg: 62fdf1f143b41e24485cea50d1cbac27 -> 
  custom:video-encoder-webm-vp8: eb34c28f22e8b96e1ab97ce403110664 -> 
  custom:video-codec-MediaFoundation-h265: 746d11721c4dcdbdad8f713fa42b33f4 -> 
  custom:video-decoder-webm-vp8: 9c59270c3fd7afecdb556c50c9e8de78 -> 
  custom:audio-decoder-ogg-vorbis: bf7c407c2cedff20999df2af8eb42d56 -> 
  custom:audio-encoder-webm-vorbis: bf7c407c2cedff20999df2af8eb42d56 -> 
AssetImportWorkerClient::OnTransportError - code=2 error=End of file
